<?xml version="1.0" encoding="UTF-8"?>
<!-- Generated by org.testng.reporters.JUnitXMLReporter -->
<testsuite ignored="0" hostname="DESKTOP-96R9IGB" failures="0" tests="4" name="Test" time="68.562" errors="0" timestamp="2022-05-25T14:50:00 IST">
  <testcase classname="TESTINK_PKG.KiteLoginTest" name="positionstabvalodation" time="9.407"/>
  <testcase classname="TESTINK_PKG.KiteLoginTest" name="fundstabvalodation" time="0.881"/>
  <testcase classname="TESTINK_PKG.KiteLoginTest" name="ordertabvalidation" time="0.906"/>
  <testcase classname="TESTINK_PKG.KiteLoginTest" name="holdingstabvalidation" time="1.224"/>
</testsuite> <!-- Test -->
