<?xml version="1.0" encoding="UTF-8"?>
<!-- Generated by org.testng.reporters.JUnitXMLReporter -->
<testsuite ignored="3" hostname="DESKTOP-96R9IGB" failures="0" tests="1" name="Testonedge" time="129.883" errors="0" timestamp="2022-06-03T22:54:12 IST">
  <testcase classname="TESTINK_PKG.KiteLoginTest" name="holdingstabvalidation" time="59.143"/>
  <testcase classname="TESTINK_PKG.KiteLoginTest" name="positionstabvalodation" time="0.0">
    <ignored/>
  </testcase> <!-- positionstabvalodation -->
  <testcase classname="TESTINK_PKG.KiteLoginTest" name="ordertabvalidation" time="0.0">
    <ignored/>
  </testcase> <!-- ordertabvalidation -->
  <testcase classname="TESTINK_PKG.KiteLoginTest" name="fundstabvalodation" time="0.0">
    <ignored/>
  </testcase> <!-- fundstabvalodation -->
</testsuite> <!-- Testonedge -->
