<?xml version="1.0" encoding="UTF-8"?>
<!-- Generated by org.testng.reporters.JUnitXMLReporter -->
<testsuite ignored="0" hostname="DESKTOP-96R9IGB" failures="0" tests="4" name="Test" time="75.535" errors="0" timestamp="2022-05-20T09:36:18 IST">
  <testcase classname="TESTINK_PKG.KiteLoginTest" name="positionstabvalodation" time="9.263"/>
  <testcase classname="TESTINK_PKG.KiteLoginTest" name="fundstabvalodation" time="0.805"/>
  <testcase classname="TESTINK_PKG.KiteLoginTest" name="ordertabvalidation" time="0.697"/>
  <testcase classname="TESTINK_PKG.KiteLoginTest" name="holdingstabvalidation" time="2.039"/>
</testsuite> <!-- Test -->
